# JRE version: OpenJDK Runtime Environment Temurin-17.0.9+9 (17.0.9+9) (build 17.0.9+9)
# Java VM: OpenJDK 64-Bit Server VM Temurin-17.0.9+9 (17.0.9+9, mixed mode, emulated-client, tiered, compressed oops, compressed class ptrs, g1 gc, windows-amd64)
GC Precious Log:
 CPUs: 4 total, 4 available
 Memory: 8089M
 Large Page Support: Disabled
 NUMA Support: Disabled
 Compressed Oops: Enabled (32-bit)
 Heap Region Size: 1M
 Heap Min Capacity: 8M
 Heap Initial Capacity: 128M
 Heap Max Capacity: 2024M
 Pre-touch: Disabled
 Parallel Workers: 4
 Concurrent Workers: 1
 Concurrent Refinement Workers: 4
 Periodic GC: Disabled
Heap:
 garbage-first heap   total 106496K, used 38790K [0x0000000081800000, 0x0000000100000000)
  region size 1024K, 17 young (17408K), 3 survivors (3072K)
 Metaspace       used 71364K, committed 71936K, reserved 1114112K
  class space    used 9683K, committed 9984K, reserved 1048576K
GC Heap History (20 events):
Event: 2.447 GC heap before
{Heap before GC invocations=6 (full 0):
 garbage-first heap   total 40960K, used 26085K [0x0000000081800000, 0x0000000100000000)
  region size 1024K, 17 young (17408K), 1 survivors (1024K)
 Metaspace       used 28457K, committed 28800K, reserved 1114112K
  class space    used 3402K, committed 3584K, reserved 1048576K
}
Event: 2.451 GC heap after
{Heap after GC invocations=7 (full 0):
 garbage-first heap   total 40960K, used 12457K [0x0000000081800000, 0x0000000100000000)
  region size 1024K, 3 young (3072K), 3 survivors (3072K)
 Metaspace       used 28457K, committed 28800K, reserved 1114112K
  class space    used 3402K, committed 3584K, reserved 1048576K
}
Event: 2.813 GC heap before
{Heap before GC invocations=7 (full 0):
 garbage-first heap   total 40960K, used 27817K [0x0000000081800000, 0x0000000100000000)
  region size 1024K, 18 young (18432K), 3 survivors (3072K)
 Metaspace       used 29952K, committed 30272K, reserved 1114112K
  class space    used 3620K, committed 3776K, reserved 1048576K
}
Event: 2.821 GC heap after
{Heap after GC invocations=8 (full 0):
 garbage-first heap   total 74752K, used 13491K [0x0000000081800000, 0x0000000100000000)
  region size 1024K, 2 young (2048K), 2 survivors (2048K)
 Metaspace       used 29952K, committed 30272K, reserved 1114112K
  class space    used 3620K, committed 3776K, reserved 1048576K
}
Event: 3.776 GC heap before
{Heap before GC invocations=8 (full 0):
 garbage-first heap   total 74752K, used 48307K [0x0000000081800000, 0x0000000100000000)
  region size 1024K, 37 young (37888K), 2 survivors (2048K)
 Metaspace       used 35670K, committed 36096K, reserved 1114112K
  class space    used 4505K, committed 4736K, reserved 1048576K
}
Event: 3.787 GC heap after
{Heap after GC invocations=9 (full 0):
 garbage-first heap   total 74752K, used 16751K [0x0000000081800000, 0x0000000100000000)
  region size 1024K, 5 young (5120K), 5 survivors (5120K)
 Metaspace       used 35670K, committed 36096K, reserved 1114112K
  class space    used 4505K, committed 4736K, reserved 1048576K
}
Event: 4.677 GC heap before
{Heap before GC invocations=10 (full 0):
 garbage-first heap   total 65536K, used 50543K [0x0000000081800000, 0x0000000100000000)
  region size 1024K, 38 young (38912K), 5 survivors (5120K)
 Metaspace       used 42292K, committed 42752K, reserved 1114112K
  class space    used 5468K, committed 5696K, reserved 1048576K
}
Event: 4.685 GC heap after
{Heap after GC invocations=11 (full 0):
 garbage-first heap   total 65536K, used 18635K [0x0000000081800000, 0x0000000100000000)
  region size 1024K, 2 young (2048K), 2 survivors (2048K)
 Metaspace       used 42292K, committed 42752K, reserved 1114112K
  class space    used 5468K, committed 5696K, reserved 1048576K
}
Event: 4.718 GC heap before
{Heap before GC invocations=11 (full 0):
 garbage-first heap   total 65536K, used 19659K [0x0000000081800000, 0x0000000100000000)
  region size 1024K, 3 young (3072K), 2 survivors (2048K)
 Metaspace       used 42490K, committed 42880K, reserved 1114112K
  class space    used 5507K, committed 5696K, reserved 1048576K
}
Event: 4.721 GC heap after
{Heap after GC invocations=12 (full 0):
 garbage-first heap   total 65536K, used 18642K [0x0000000081800000, 0x0000000100000000)
  region size 1024K, 1 young (1024K), 1 survivors (1024K)
 Metaspace       used 42490K, committed 42880K, reserved 1114112K
  class space    used 5507K, committed 5696K, reserved 1048576K
}
Event: 5.736 GC heap before
{Heap before GC invocations=12 (full 0):
 garbage-first heap   total 65536K, used 48338K [0x0000000081800000, 0x0000000100000000)
  region size 1024K, 30 young (30720K), 1 survivors (1024K)
 Metaspace       used 52917K, committed 53440K, reserved 1114112K
  class space    used 6909K, committed 7168K, reserved 1048576K
}
Event: 5.740 GC heap after
{Heap after GC invocations=13 (full 0):
 garbage-first heap   total 65536K, used 20890K [0x0000000081800000, 0x0000000100000000)
  region size 1024K, 3 young (3072K), 3 survivors (3072K)
 Metaspace       used 52917K, committed 53440K, reserved 1114112K
  class space    used 6909K, committed 7168K, reserved 1048576K
}
Event: 6.446 GC heap before
{Heap before GC invocations=13 (full 0):
 garbage-first heap   total 65536K, used 47514K [0x0000000081800000, 0x0000000100000000)
  region size 1024K, 31 young (31744K), 3 survivors (3072K)
 Metaspace       used 60176K, committed 60608K, reserved 1114112K
  class space    used 7965K, committed 8192K, reserved 1048576K
}
Event: 6.451 GC heap after
{Heap after GC invocations=14 (full 0):
 garbage-first heap   total 65536K, used 22517K [0x0000000081800000, 0x0000000100000000)
  region size 1024K, 2 young (2048K), 2 survivors (2048K)
 Metaspace       used 60176K, committed 60608K, reserved 1114112K
  class space    used 7965K, committed 8192K, reserved 1048576K
}
Event: 7.083 GC heap before
{Heap before GC invocations=15 (full 0):
 garbage-first heap   total 65536K, used 49141K [0x0000000081800000, 0x0000000100000000)
  region size 1024K, 29 young (29696K), 2 survivors (2048K)
 Metaspace       used 66111K, committed 66688K, reserved 1114112K
  class space    used 8877K, committed 9152K, reserved 1048576K
}
Event: 7.088 GC heap after
{Heap after GC invocations=16 (full 0):
 garbage-first heap   total 65536K, used 24301K [0x0000000081800000, 0x0000000100000000)
  region size 1024K, 4 young (4096K), 4 survivors (4096K)
 Metaspace       used 66111K, committed 66688K, reserved 1114112K
  class space    used 8877K, committed 9152K, reserved 1048576K
}
Event: 7.106 GC heap before
{Heap before GC invocations=16 (full 0):
 garbage-first heap   total 65536K, used 25325K [0x0000000081800000, 0x0000000100000000)
  region size 1024K, 5 young (5120K), 4 survivors (4096K)
 Metaspace       used 66293K, committed 66816K, reserved 1114112K
  class space    used 8906K, committed 9152K, reserved 1048576K
}
Event: 7.111 GC heap after
{Heap after GC invocations=17 (full 0):
 garbage-first heap   total 65536K, used 24306K [0x0000000081800000, 0x0000000100000000)
  region size 1024K, 1 young (1024K), 1 survivors (1024K)
 Metaspace       used 66293K, committed 66816K, reserved 1114112K
  class space    used 8906K, committed 9152K, reserved 1048576K
}
Event: 7.657 GC heap before
{Heap before GC invocations=17 (full 0):
 garbage-first heap   total 65536K, used 48882K [0x0000000081800000, 0x0000000100000000)
  region size 1024K, 26 young (26624K), 1 survivors (1024K)
 Metaspace       used 69320K, committed 69824K, reserved 1114112K
  class space    used 9376K, committed 9600K, reserved 1048576K
}
Event: 7.663 GC heap after
{Heap after GC invocations=18 (full 0):
 garbage-first heap   total 131072K, used 26502K [0x0000000081800000, 0x0000000100000000)
  region size 1024K, 3 young (3072K), 3 survivors (3072K)
 Metaspace       used 69320K, committed 69824K, reserved 1114112K
  class space    used 9376K, committed 9600K, reserved 1048576K
}

